# JRE version: Java(TM) SE Runtime Environment (8.0_351-b10) (build 1.8.0_351-b10)
# Java VM: Java HotSpot(TM) 64-Bit Server VM (25.351-b10 mixed mode windows-amd64 compressed oops)
Heap:
 PSYoungGen      total 103424K, used 4821K [0x000000076c180000, 0x0000000775f00000, 0x00000007c0000000)
  eden space 92672K, 5% used [0x000000076c180000,0x000000076c6355e0,0x0000000771c00000)
  from space 10752K, 0% used [0x0000000771c00000,0x0000000771c00000,0x0000000772680000)
  to   space 11264K, 0% used [0x0000000775400000,0x0000000775400000,0x0000000775f00000)
 ParOldGen       total 163840K, used 14696K [0x00000006c4400000, 0x00000006ce400000, 0x000000076c180000)
  object space 163840K, 8% used [0x00000006c4400000,0x00000006c525a3f0,0x00000006ce400000)
 Metaspace       used 33766K, capacity 35786K, committed 36136K, reserved 1081344K
  class space    used 4404K, capacity 4789K, committed 4912K, reserved 1048576K
GC Heap History (10 events):
Event: 4.246 GC heap before
{Heap before GC invocations=5 (full 1):
 PSYoungGen      total 75264K, used 64512K [0x000000076c180000, 0x0000000771580000, 0x00000007c0000000)
  eden space 64512K, 100% used [0x000000076c180000,0x0000000770080000,0x0000000770080000)
  from space 10752K, 0% used [0x0000000770080000,0x0000000770080000,0x0000000770b00000)
  to   space 10752K, 0% used [0x0000000770b00000,0x0000000770b00000,0x0000000771580000)
 ParOldGen       total 105984K, used 8340K [0x00000006c4400000, 0x00000006cab80000, 0x000000076c180000)
  object space 105984K, 7% used [0x00000006c4400000,0x00000006c4c251d8,0x00000006cab80000)
 Metaspace       used 24712K, capacity 25654K, committed 25776K, reserved 1071104K
  class space    used 3174K, capacity 3387K, committed 3504K, reserved 1048576K
Event: 4.251 GC heap after
Heap after GC invocations=5 (full 1):
 PSYoungGen      total 75264K, used 6904K [0x000000076c180000, 0x0000000773300000, 0x00000007c0000000)
  eden space 64512K, 0% used [0x000000076c180000,0x000000076c180000,0x0000000770080000)
  from space 10752K, 64% used [0x0000000770b00000,0x00000007711be098,0x0000000771580000)
  to   space 10752K, 0% used [0x0000000770080000,0x0000000770080000,0x0000000770b00000)
 ParOldGen       total 105984K, used 8348K [0x00000006c4400000, 0x00000006cab80000, 0x000000076c180000)
  object space 105984K, 7% used [0x00000006c4400000,0x00000006c4c271d8,0x00000006cab80000)
 Metaspace       used 24712K, capacity 25654K, committed 25776K, reserved 1071104K
  class space    used 3174K, capacity 3387K, committed 3504K, reserved 1048576K
}
Event: 4.909 GC heap before
{Heap before GC invocations=6 (full 1):
 PSYoungGen      total 75264K, used 71416K [0x000000076c180000, 0x0000000773300000, 0x00000007c0000000)
  eden space 64512K, 100% used [0x000000076c180000,0x0000000770080000,0x0000000770080000)
  from space 10752K, 64% used [0x0000000770b00000,0x00000007711be098,0x0000000771580000)
  to   space 10752K, 0% used [0x0000000770080000,0x0000000770080000,0x0000000770b00000)
 ParOldGen       total 105984K, used 8348K [0x00000006c4400000, 0x00000006cab80000, 0x000000076c180000)
  object space 105984K, 7% used [0x00000006c4400000,0x00000006c4c271d8,0x00000006cab80000)
 Metaspace       used 25893K, capacity 26984K, committed 27184K, reserved 1073152K
  class space    used 3286K, capacity 3514K, committed 3632K, reserved 1048576K
Event: 4.913 GC heap after
Heap after GC invocations=6 (full 1):
 PSYoungGen      total 75264K, used 8601K [0x000000076c180000, 0x0000000773000000, 0x00000007c0000000)
  eden space 64512K, 0% used [0x000000076c180000,0x000000076c180000,0x0000000770080000)
  from space 10752K, 79% used [0x0000000770080000,0x00000007708e6550,0x0000000770b00000)
  to   space 9728K, 0% used [0x0000000772680000,0x0000000772680000,0x0000000773000000)
 ParOldGen       total 105984K, used 8356K [0x00000006c4400000, 0x00000006cab80000, 0x000000076c180000)
  object space 105984K, 7% used [0x00000006c4400000,0x00000006c4c291d8,0x00000006cab80000)
 Metaspace       used 25893K, capacity 26984K, committed 27184K, reserved 1073152K
  class space    used 3286K, capacity 3514K, committed 3632K, reserved 1048576K
}
Event: 5.537 GC heap before
{Heap before GC invocations=7 (full 1):
 PSYoungGen      total 75264K, used 73113K [0x000000076c180000, 0x0000000773000000, 0x00000007c0000000)
  eden space 64512K, 100% used [0x000000076c180000,0x0000000770080000,0x0000000770080000)
  from space 10752K, 79% used [0x0000000770080000,0x00000007708e6550,0x0000000770b00000)
  to   space 9728K, 0% used [0x0000000772680000,0x0000000772680000,0x0000000773000000)
 ParOldGen       total 105984K, used 8356K [0x00000006c4400000, 0x00000006cab80000, 0x000000076c180000)
  object space 105984K, 7% used [0x00000006c4400000,0x00000006c4c291d8,0x00000006cab80000)
 Metaspace       used 29486K, capacity 30782K, committed 31024K, reserved 1077248K
  class space    used 3774K, capacity 4019K, committed 4144K, reserved 1048576K
Event: 5.545 GC heap after
Heap after GC invocations=7 (full 1):
 PSYoungGen      total 102400K, used 9604K [0x000000076c180000, 0x0000000773400000, 0x00000007c0000000)
  eden space 92672K, 0% used [0x000000076c180000,0x000000076c180000,0x0000000771c00000)
  from space 9728K, 98% used [0x0000000772680000,0x0000000772fe1228,0x0000000773000000)
  to   space 10752K, 0% used [0x0000000771c00000,0x0000000771c00000,0x0000000772680000)
 ParOldGen       total 105984K, used 8364K [0x00000006c4400000, 0x00000006cab80000, 0x000000076c180000)
  object space 105984K, 7% used [0x00000006c4400000,0x00000006c4c2b1d8,0x00000006cab80000)
 Metaspace       used 29486K, capacity 30782K, committed 31024K, reserved 1077248K
  class space    used 3774K, capacity 4019K, committed 4144K, reserved 1048576K
}
Event: 6.216 GC heap before
{Heap before GC invocations=8 (full 1):
 PSYoungGen      total 102400K, used 74277K [0x000000076c180000, 0x0000000773400000, 0x00000007c0000000)
  eden space 92672K, 69% used [0x000000076c180000,0x00000007700a84d0,0x0000000771c00000)
  from space 9728K, 98% used [0x0000000772680000,0x0000000772fe1228,0x0000000773000000)
  to   space 10752K, 0% used [0x0000000771c00000,0x0000000771c00000,0x0000000772680000)
 ParOldGen       total 105984K, used 8364K [0x00000006c4400000, 0x00000006cab80000, 0x000000076c180000)
  object space 105984K, 7% used [0x00000006c4400000,0x00000006c4c2b1d8,0x00000006cab80000)
 Metaspace       used 33401K, capacity 35402K, committed 35496K, reserved 1079296K
  class space    used 4351K, capacity 4725K, committed 4784K, reserved 1048576K
Event: 6.224 GC heap after
Heap after GC invocations=8 (full 1):
 PSYoungGen      total 103424K, used 10183K [0x000000076c180000, 0x0000000775f00000, 0x00000007c0000000)
  eden space 92672K, 0% used [0x000000076c180000,0x000000076c180000,0x0000000771c00000)
  from space 10752K, 94% used [0x0000000771c00000,0x00000007725f1e78,0x0000000772680000)
  to   space 11264K, 0% used [0x0000000775400000,0x0000000775400000,0x0000000775f00000)
 ParOldGen       total 105984K, used 8372K [0x00000006c4400000, 0x00000006cab80000, 0x000000076c180000)
  object space 105984K, 7% used [0x00000006c4400000,0x00000006c4c2d1d8,0x00000006cab80000)
 Metaspace       used 33401K, capacity 35402K, committed 35496K, reserved 1079296K
  class space    used 4351K, capacity 4725K, committed 4784K, reserved 1048576K
}
Event: 6.224 GC heap before
{Heap before GC invocations=9 (full 2):
 PSYoungGen      total 103424K, used 10183K [0x000000076c180000, 0x0000000775f00000, 0x00000007c0000000)
  eden space 92672K, 0% used [0x000000076c180000,0x000000076c180000,0x0000000771c00000)
  from space 10752K, 94% used [0x0000000771c00000,0x00000007725f1e78,0x0000000772680000)
  to   space 11264K, 0% used [0x0000000775400000,0x0000000775400000,0x0000000775f00000)
 ParOldGen       total 105984K, used 8372K [0x00000006c4400000, 0x00000006cab80000, 0x000000076c180000)
  object space 105984K, 7% used [0x00000006c4400000,0x00000006c4c2d1d8,0x00000006cab80000)
 Metaspace       used 33401K, capacity 35402K, committed 35496K, reserved 1079296K
  class space    used 4351K, capacity 4725K, committed 4784K, reserved 1048576K
Event: 7.275 GC heap after
Heap after GC invocations=9 (full 2):
 PSYoungGen      total 103424K, used 0K [0x000000076c180000, 0x0000000775f00000, 0x00000007c0000000)
  eden space 92672K, 0% used [0x000000076c180000,0x000000076c180000,0x0000000771c00000)
  from space 10752K, 0% used [0x0000000771c00000,0x0000000771c00000,0x0000000772680000)
  to   space 11264K, 0% used [0x0000000775400000,0x0000000775400000,0x0000000775f00000)
 ParOldGen       total 163840K, used 14696K [0x00000006c4400000, 0x00000006ce400000, 0x000000076c180000)
  object space 163840K, 8% used [0x00000006c4400000,0x00000006c525a3f0,0x00000006ce400000)
 Metaspace       used 33401K, capacity 35402K, committed 35496K, reserved 1079296K
  class space    used 4351K, capacity 4725K, committed 4784K, reserved 1048576K
}

